{
  "RSpec": {
    "coverage": {
      "/Users/pallavideshmukh/rubyclass/conway_game_of_life/lib/cell.rb": [
        null,
        1,
        1,
        0,
        0,
        null,
        null
      ],
      "/Users/pallavideshmukh/rubyclass/conway_game_of_life/lib/coordinate.rb": [
        null,
        1,
        1,
        null,
        1,
        28,
        28,
        null,
        null,
        1,
        2,
        null,
        null,
        1,
        1,
        1,
        1,
        null,
        null,
        1,
        1,
        1,
        1,
        null,
        null,
        1,
        1,
        1,
        1,
        null,
        null,
        1,
        1,
        1,
        1,
        null,
        null,
        1,
        1,
        1,
        1,
        null,
        null,
        1,
        1,
        1,
        1,
        null,
        null,
        1,
        1,
        1,
        1,
        null,
        null,
        1,
        1,
        1,
        1,
        null,
        null,
        1,
        8,
        8,
        null,
        null,
        null,
        1,
        0,
        null,
        null,
        null
      ]
    },
    "timestamp": 1433914405
  }
}
